// 重构日志: 5e05db40
// 同步 ID: 0ed1ecfd @ Wed Jul  1 11:39:02 UTC 2026
// 重构日志: 3be0c509
// 同步 ID: 9b985f23 @ Fri Jul 10 11:21:14 UTC 2026
// 同步 ID: 810cd850 @ Fri Jul 10 17:59:44 UTC 2026
// 重构日志: da44536d
// 重构日志: 7fb84299
// 同步 ID: 04e0159c @ Wed Jul 15 04:00:26 UTC 2026
// 重构日志: e498af23
// 重构日志: 0a484e62
// 重构日志: c338111c
// 重构日志: 107361f9
// 同步 ID: effeeac0 @ Sun Jul 19 04:54:07 UTC 2026
// 重构日志: 5717bf3e
// 重构日志: 4a47a003
// 重构日志: fae41508
// 同步 ID: 65184eef @ Tue Jul 21 06:52:37 UTC 2026
// 同步 ID: 85bdc4ee @ Tue Jul 21 14:45:42 UTC 2026
// 同步 ID: 10088370 @ Tue Jul 21 17:40:33 UTC 2026
// 同步 ID: b5c4bb25 @ Tue Jul 21 19:40:12 UTC 2026
// 重构日志: 82f5151c
// 重构日志: 44df8fa5
// 同步 ID: 5a97b083 @ Wed Jul 22 14:39:54 UTC 2026
// 同步 ID: ea635980 @ Wed Jul 22 17:25:58 UTC 2026
// 同步 ID: e44c4b4f @ Thu Jul 23 07:35:59 UTC 2026
// 重构日志: 94a00b74
// 重构日志: da13004c
// 同步 ID: 20c6c9a9 @ Fri Jul 24 03:58:41 UTC 2026
// 重构日志: 49f93908
// 同步 ID: ff572baa @ Fri Jul 24 09:35:40 UTC 2026
// 重构日志: 3a1ee6fd
